(1, 1, 3, 7)
(-1, 1, 3, 7)
(1, 3, 5, 5)
(-1, 3, 5, 5)
generated 4 different rowsums
results/pairs/wts/find_15/rowsum_1_1_3_7
The function took: 0.121907555 seconds to generate sequences with rowsums: 7, 3, 1, 1
The function took: 269.147 seconds to go through the two sets of pairs

results/pairs/wts/find_15/rowsum_-1_1_3_7
The function took: 0.11996402 seconds to generate sequences with rowsums: 7, 3, 1, -1
The function took: 269.67 seconds to go through the two sets of pairs

results/pairs/wts/find_15/rowsum_1_3_5_5
The function took: 0.13800928 seconds to generate sequences with rowsums: 5, 5, 3, 1
The function took: 236.37712 seconds to go through the two sets of pairs

results/pairs/wts/find_15/rowsum_-1_3_5_5
The function took: 0.4429836 seconds to generate sequences with rowsums: 5, 5, 3, -1
The function took: 235.84506 seconds to go through the two sets of pairs

Creating the sequences took 1014 seconds. 
 

results/pairs/wts/find_15/rowsum_-1_1_3_7/pair_WY.pair
results/pairs/wts/find_15/rowsum_-1_1_3_7/pair_ZX.pair
results/pairs/wts/find_15/rowsum_-1_3_5_5/pair_WX.pair
results/pairs/wts/find_15/rowsum_-1_3_5_5/pair_ZY.pair
results/pairs/wts/find_15/rowsum_1_1_3_7/pair_WY.pair
results/pairs/wts/find_15/rowsum_1_1_3_7/pair_ZX.pair
results/pairs/wts/find_15/rowsum_1_3_5_5/pair_WX.pair
results/pairs/wts/find_15/rowsum_1_3_5_5/pair_ZY.pair
Sorting the files took 100 seconds. 
 

./results/pairs/wts/find_15
Folder rowsum_-1_3_5_5 : sequences have order (Z, Y, W, X)
Folder rowsum_1_1_3_7 : sequences have order (Z, X, W, Y)
Folder rowsum_1_3_5_5 : sequences have order (W, X, Z, Y)
Folder rowsum_-1_1_3_7 : sequences have order (W, Y, Z, X)

count before equivalences 802
The function found a total of 69120 sequences without any equivalences
count after equivalences 14
Matching the sequences took 40 seconds. 
 

Total execution time was 1154 seconds.
