(0, 4, 4, 4)
(2, 2, 2, 6)
(-2, 2, 2, 6)
generated 3 different rowsums
results/pairs/wts/find_12/rowsum_0_4_4_4
The function took: 0.0709941 seconds to generate sequences with rowsums: 4, 4, 4, 0
The function took: 4.5650496 seconds to go through the two sets of pairs

results/pairs/wts/find_12/rowsum_2_2_2_6
The function took: 0.09903434 seconds to generate sequences with rowsums: 6, 2, 2, 2
The function took: 5.626996 seconds to go through the two sets of pairs

results/pairs/wts/find_12/rowsum_-2_2_2_6
The function took: 0.09796308 seconds to generate sequences with rowsums: 6, 2, 2, -2
The function took: 5.2250514 seconds to go through the two sets of pairs

Creating the sequences took 16 seconds. 
 

results/pairs/wts/find_12/rowsum_-2_2_2_6/pair_WZ.pair
results/pairs/wts/find_12/rowsum_-2_2_2_6/pair_YX.pair
results/pairs/wts/find_12/rowsum_0_4_4_4/pair_YW.pair
results/pairs/wts/find_12/rowsum_0_4_4_4/pair_ZX.pair
results/pairs/wts/find_12/rowsum_2_2_2_6/pair_WZ.pair
results/pairs/wts/find_12/rowsum_2_2_2_6/pair_YX.pair
Sorting the files took 2 seconds. 
 

./results/pairs/wts/find_12
Folder rowsum_-2_2_2_6 : sequences have order (W, Z, Y, X)
Folder rowsum_2_2_2_6 : sequences have order (W, Z, Y, X)
Folder rowsum_0_4_4_4 : sequences have order (Y, W, Z, X)

count before equivalences 4728
The function found a total of 147456 sequences without any equivalences
count after equivalences 64
Matching the sequences took 10 seconds. 
 

Total execution time was 28 seconds.
