(1, 1, 3, 3)
(-1, 1, 3, 3)
generated 2 different rowsums
results/pairs/wts/find_5/rowsum_1_1_3_3
The function took: 0.05798062 seconds to generate sequences with rowsums: 3, 3, 1, 1
The function took: 0.02193408 seconds to go through the two sets of pairs

results/pairs/wts/find_5/rowsum_-1_1_3_3
The function took: 0.0749451 seconds to generate sequences with rowsums: 3, 3, 1, -1
The function took: 0.04699097 seconds to go through the two sets of pairs

Creating the sequences took 0 seconds. 
 

results/pairs/wts/find_5/rowsum_-1_1_3_3/pair_WX.pair
results/pairs/wts/find_5/rowsum_-1_1_3_3/pair_ZY.pair
results/pairs/wts/find_5/rowsum_1_1_3_3/pair_WY.pair
results/pairs/wts/find_5/rowsum_1_1_3_3/pair_ZX.pair
Sorting the files took 1 seconds. 
 

./results/pairs/wts/find_5
Folder rowsum_1_1_3_3 : sequences have order (W, Y, Z, X)
Folder rowsum_-1_1_3_3 : sequences have order (W, X, Z, Y)

count before equivalences 32
The function found a total of 960 sequences without any equivalences
count after equivalences 2
Matching the sequences took 0 seconds. 
 

Total execution time was 1 seconds.
