(1, 3, 3, 7)
(-1, 3, 3, 7)
(3, 3, 5, 5)
(-3, 3, 5, 5)
generated 4 different rowsums
results/pairs/wts/find_17/rowsum_1_3_3_7
The function took: 0.10164996 seconds to generate sequences with rowsums: 7, 3, 3, 1
The function took: 9803.653 seconds to go through the two sets of pairs

results/pairs/wts/find_17/rowsum_-1_3_3_7
The function took: 0.16606659 seconds to generate sequences with rowsums: 7, 3, 3, -1
The function took: 9793.744 seconds to go through the two sets of pairs

results/pairs/wts/find_17/rowsum_3_3_5_5
The function took: 0.106790535 seconds to generate sequences with rowsums: 5, 5, 3, 3
The function took: 8164.3423 seconds to go through the two sets of pairs

results/pairs/wts/find_17/rowsum_-3_3_5_5
The function took: 0.1079708 seconds to generate sequences with rowsums: 5, 5, 3, -3
The function took: 8122.216 seconds to go through the two sets of pairs

Creating the sequences took 35885 seconds. 
 

results/pairs/wts/find_17/rowsum_-1_3_3_7/pair_WZ.pair
results/pairs/wts/find_17/rowsum_-1_3_3_7/pair_YX.pair
results/pairs/wts/find_17/rowsum_-3_3_5_5/pair_WX.pair
results/pairs/wts/find_17/rowsum_-3_3_5_5/pair_ZY.pair
results/pairs/wts/find_17/rowsum_1_3_3_7/pair_WZ.pair
results/pairs/wts/find_17/rowsum_1_3_3_7/pair_YX.pair
results/pairs/wts/find_17/rowsum_3_3_5_5/pair_WY.pair
results/pairs/wts/find_17/rowsum_3_3_5_5/pair_ZX.pair
Sorting the files took 1009 seconds. 
 

./results/pairs/wts/find_17
Folder rowsum_-3_3_5_5 : sequences have order (W, X, Z, Y)
Folder rowsum_3_3_5_5 : sequences have order (W, Y, Z, X)
Folder rowsum_-1_3_3_7 : sequences have order (W, Z, Y, X)
Folder rowsum_1_3_3_7 : sequences have order (W, Z, Y, X)

count before equivalences 1530
The function found a total of 104448 sequences without any equivalences
count after equivalences 10
Matching the sequences took 439 seconds. 
 

Total execution time was 37334 seconds.
