(1, 1, 1, 5)
(-1, 1, 1, 5)
(1, 3, 3, 3)
(-1, 3, 3, 3)
generated 4 different rowsums
results/pairs/wts/find_7/rowsum_1_1_1_5
The function took: 0.15692578 seconds to generate sequences with rowsums: 5, 1, 1, 1
The function took: 0.03299419 seconds to go through the two sets of pairs

results/pairs/wts/find_7/rowsum_-1_1_1_5
The function took: 0.093005896 seconds to generate sequences with rowsums: 5, 1, 1, -1
The function took: 0.06898336 seconds to go through the two sets of pairs

results/pairs/wts/find_7/rowsum_1_3_3_3
The function took: 0.1049623 seconds to generate sequences with rowsums: 3, 3, 3, 1
The function took: 0.063077815 seconds to go through the two sets of pairs

results/pairs/wts/find_7/rowsum_-1_3_3_3
The function took: 0.11394456 seconds to generate sequences with rowsums: 3, 3, 3, -1
The function took: 0.04299672 seconds to go through the two sets of pairs

Creating the sequences took 1 seconds. 
 

results/pairs/wts/find_7/rowsum_-1_1_1_5/pair_WZ.pair
results/pairs/wts/find_7/rowsum_-1_1_1_5/pair_YX.pair
results/pairs/wts/find_7/rowsum_-1_3_3_3/pair_YW.pair
results/pairs/wts/find_7/rowsum_-1_3_3_3/pair_ZX.pair
results/pairs/wts/find_7/rowsum_1_1_1_5/pair_WZ.pair
results/pairs/wts/find_7/rowsum_1_1_1_5/pair_YX.pair
results/pairs/wts/find_7/rowsum_1_3_3_3/pair_YW.pair
results/pairs/wts/find_7/rowsum_1_3_3_3/pair_ZX.pair
Sorting the files took 1 seconds. 
 

./results/pairs/wts/find_7
Folder rowsum_-1_1_1_5 : sequences have order (Y, X, W, Z)
Folder rowsum_-1_3_3_3 : sequences have order (Y, W, Z, X)
Folder rowsum_1_3_3_3 : sequences have order (Z, X, Y, W)
Folder rowsum_1_1_1_5 : sequences have order (W, Z, Y, X)

count before equivalences 254
The function found a total of 6720 sequences without any equivalences
count after equivalences 6
Matching the sequences took 0 seconds. 
 

Total execution time was 2 seconds.
