(1, 3, 3, 5)
(-1, 3, 3, 5)
generated 2 different rowsums
results/pairs/wts/find_11/rowsum_1_3_3_5
The function took: 0.09287707 seconds to generate sequences with rowsums: 5, 3, 3, 1
The function took: 1.66203 seconds to go through the two sets of pairs

results/pairs/wts/find_11/rowsum_-1_3_3_5
The function took: 0.07796455 seconds to generate sequences with rowsums: 5, 3, 3, -1
The function took: 1.4349909 seconds to go through the two sets of pairs

Creating the sequences took 4 seconds. 
 

results/pairs/wts/find_11/rowsum_-1_3_3_5/pair_WZ.pair
results/pairs/wts/find_11/rowsum_-1_3_3_5/pair_YX.pair
results/pairs/wts/find_11/rowsum_1_3_3_5/pair_WZ.pair
results/pairs/wts/find_11/rowsum_1_3_3_5/pair_YX.pair
Sorting the files took 2 seconds. 
 

./results/pairs/wts/find_11
Folder rowsum_-1_3_3_5 : sequences have order (Y, X, W, Z)
Folder rowsum_1_3_3_5 : sequences have order (W, Z, Y, X)

count before equivalences 256
The function found a total of 21120 sequences without any equivalences
count after equivalences 4
Matching the sequences took 2 seconds. 
 

Total execution time was 8 seconds.
