(1, 1, 1, 3)
(-1, 1, 1, 3)
generated 2 different rowsums
results/pairs/wts/find_3/rowsum_1_1_1_3
The function took: 0.04655089 seconds to generate sequences with rowsums: 3, 1, 1, 1
The function took: 0.018452464 seconds to go through the two sets of pairs

results/pairs/wts/find_3/rowsum_-1_1_1_3
The function took: 0.019113345 seconds to generate sequences with rowsums: 3, 1, 1, -1
The function took: 0.033994384 seconds to go through the two sets of pairs

Creating the sequences took 1 seconds. 
 

results/pairs/wts/find_3/rowsum_-1_1_1_3/pair_WZ.pair
results/pairs/wts/find_3/rowsum_-1_1_1_3/pair_YX.pair
results/pairs/wts/find_3/rowsum_1_1_1_3/pair_WZ.pair
results/pairs/wts/find_3/rowsum_1_1_1_3/pair_YX.pair
Sorting the files took 0 seconds. 
 

./results/pairs/wts/find_3
Folder rowsum_-1_1_1_3 : sequences have order (Y, X, W, Z)
Folder rowsum_1_1_1_3 : sequences have order (Y, X, W, Z)

count before equivalences 10
The function found a total of 192 sequences without any equivalences
count after equivalences 2
Matching the sequences took 0 seconds. 
 

Total execution time was 1 seconds.
